Starting a Gradle Daemon, 1 busy Daemon could not be reused, use --status for details

> Configure project :
matching ref: BRANCH - feature/jol
  ref configuration: BRANCH - pattern: .+
    version: ${ref}-${commit.short}${dirty}
    describeTagFirstParent: false

project version: feature-jol-6ceb0b6-DIRTY

> Task :generateEffectiveLombokConfig UP-TO-DATE
> Task :compileJava UP-TO-DATE
> Task :processResources NO-SOURCE
> Task :classes UP-TO-DATE
> Task :generateTestEffectiveLombokConfig UP-TO-DATE
> Task :compileTestJava UP-TO-DATE
> Task :processTestResources UP-TO-DATE
> Task :testClasses UP-TO-DATE
> Task :test
> Task :test FAILED

[Incubating] Problems report is available at: file:///home/vmaksimov@dellin.local/reps/1c-syntax/mdclasses/build/reports/problems/problems-report.html

Deprecated Gradle features were used in this build, making it incompatible with Gradle 9.0.

You can use '--warning-mode all' to show the individual deprecation warnings and determine if they come from your own scripts or plugins.

For more on this, please refer to https://docs.gradle.org/8.14.3/userguide/command_line_interface.html#sec:command_line_warnings in the Gradle documentation.
6 actionable tasks: 1 executed, 5 up-to-date
